[21-May-2021 22:01:53 Europe/Berlin] PHP Warning:  require_once(D:\web_php\2021.05.21_home_cookies\app/controllers/ClearController.php): failed to open stream: No such file or directory in D:\web_php\2021.05.21_home_cookies\app\routes.php on line 19
[21-May-2021 22:01:53 Europe/Berlin] PHP Fatal error:  require_once(): Failed opening required 'D:\web_php\2021.05.21_home_cookies\app/controllers/ClearController.php' (include_path='D:\xampp\php\PEAR') in D:\web_php\2021.05.21_home_cookies\app\routes.php on line 19
[21-May-2021 22:05:14 Europe/Berlin] PHP Warning:  require_once(D:\web_php\2021.05.21_home_cookies\app/controllers/ClearController.php): failed to open stream: No such file or directory in D:\web_php\2021.05.21_home_cookies\app\routes.php on line 19
[21-May-2021 22:05:14 Europe/Berlin] PHP Fatal error:  require_once(): Failed opening required 'D:\web_php\2021.05.21_home_cookies\app/controllers/ClearController.php' (include_path='D:\xampp\php\PEAR') in D:\web_php\2021.05.21_home_cookies\app\routes.php on line 19
[21-May-2021 22:05:15 Europe/Berlin] PHP Warning:  require_once(D:\web_php\2021.05.21_home_cookies\app/controllers/ClearController.php): failed to open stream: No such file or directory in D:\web_php\2021.05.21_home_cookies\app\routes.php on line 19
[21-May-2021 22:05:15 Europe/Berlin] PHP Fatal error:  require_once(): Failed opening required 'D:\web_php\2021.05.21_home_cookies\app/controllers/ClearController.php' (include_path='D:\xampp\php\PEAR') in D:\web_php\2021.05.21_home_cookies\app\routes.php on line 19
[21-May-2021 22:05:52 Europe/Berlin] PHP Warning:  require_once(D:\web_php\2021.05.21_home_cookies\app/views/FormController.php): failed to open stream: No such file or directory in D:\web_php\2021.05.21_home_cookies\app\views\main.php on line 3
[21-May-2021 22:05:52 Europe/Berlin] PHP Fatal error:  require_once(): Failed opening required 'D:\web_php\2021.05.21_home_cookies\app/views/FormController.php' (include_path='D:\xampp\php\PEAR') in D:\web_php\2021.05.21_home_cookies\app\views\main.php on line 3
[21-May-2021 22:07:06 Europe/Berlin] PHP Notice:  Undefined variable: dailyTasks in D:\web_php\2021.05.21_home_cookies\app\views\table.php on line 3
[21-May-2021 22:07:06 Europe/Berlin] PHP Warning:  Invalid argument supplied for foreach() in D:\web_php\2021.05.21_home_cookies\app\views\table.php on line 3
[21-May-2021 23:22:09 Europe/Berlin] PHP Notice:  Undefined variable: POST in D:\web_php\2021.05.21_home_cookies\app\models\addTask.php on line 10
[21-May-2021 23:22:09 Europe/Berlin] PHP Notice:  Trying to access array offset on value of type null in D:\web_php\2021.05.21_home_cookies\app\models\addTask.php on line 10
[21-May-2021 23:22:39 Europe/Berlin] PHP Notice:  Undefined variable: POST in D:\web_php\2021.05.21_home_cookies\app\models\addTask.php on line 10
[21-May-2021 23:22:39 Europe/Berlin] PHP Notice:  Trying to access array offset on value of type null in D:\web_php\2021.05.21_home_cookies\app\models\addTask.php on line 10
[21-May-2021 23:22:53 Europe/Berlin] PHP Notice:  Undefined index: bnt in D:\web_php\2021.05.21_home_cookies\app\models\addTask.php on line 10
[22-May-2021 00:33:59 Europe/Berlin] PHP Warning:  require_once(D:\web_php\2021.05.21_home_cookies\app/controllers/ClearTaskController.php): failed to open stream: No such file or directory in D:\web_php\2021.05.21_home_cookies\app\routes.php on line 22
[22-May-2021 00:33:59 Europe/Berlin] PHP Fatal error:  require_once(): Failed opening required 'D:\web_php\2021.05.21_home_cookies\app/controllers/ClearTaskController.php' (include_path='D:\xampp\php\PEAR') in D:\web_php\2021.05.21_home_cookies\app\routes.php on line 22
[22-May-2021 01:10:16 Europe/Berlin] PHP Warning:  require_once(D:\web_php\2021.05.21_home_cookies\app/models/clearTask.php): failed to open stream: No such file or directory in D:\web_php\2021.05.21_home_cookies\app\controllers\ClearController.php on line 3
[22-May-2021 01:10:16 Europe/Berlin] PHP Fatal error:  require_once(): Failed opening required 'D:\web_php\2021.05.21_home_cookies\app/models/clearTask.php' (include_path='D:\xampp\php\PEAR') in D:\web_php\2021.05.21_home_cookies\app\controllers\ClearController.php on line 3
[22-May-2021 08:12:33 Europe/Berlin] PHP Warning:  require_once(D:\web_php\2021.05.21_home_cookies\app/controllers/GetCookiesController.php): failed to open stream: No such file or directory in D:\web_php\2021.05.21_home_cookies\app\routes.php on line 11
[22-May-2021 08:12:34 Europe/Berlin] PHP Fatal error:  require_once(): Failed opening required 'D:\web_php\2021.05.21_home_cookies\app/controllers/GetCookiesController.php' (include_path='D:\xampp\php\PEAR') in D:\web_php\2021.05.21_home_cookies\app\routes.php on line 11
